2024-08-09 09:34:23 info: Mongo DB Conectado
2024-08-09 09:36:27 info: Mongo DB Conectado
2024-08-09 09:38:31 info: Mongo DB Conectado
2024-08-09 09:42:55 info: Mongo DB Conectado
2024-08-09 09:43:19 info: Mongo DB Conectado
2024-08-09 09:43:19 info: Escuchando el servidor en el puerto 8081
2024-08-09 09:43:28 info: Mongo DB Conectado
2024-08-09 09:43:28 info: Escuchando el servidor en el puerto 8081
2024-08-09 09:50:42 info: Mongo DB Conectado
2024-08-09 09:50:42 info: Escuchando el servidor en el puerto 8081
2024-08-09 09:51:16 info: Mongo DB Conectado
2024-08-09 09:51:16 info: Escuchando el servidor en el puerto 8081
2024-08-09 09:51:26 info: Mongo DB Conectado
2024-08-09 09:51:26 info: Escuchando el servidor en el puerto 8081
2024-08-09 09:58:55 info: Mongo DB Conectado
2024-08-09 09:58:55 info: Escuchando el servidor en el puerto 8081
2024-08-09 10:02:05 info: Mongo DB Conectado
2024-08-09 10:02:05 info: Escuchando el servidor en el puerto 8081
2024-08-09 10:02:47 info: Mongo DB Conectado
2024-08-09 10:02:47 info: Escuchando el servidor en el puerto 8081
2024-08-09 10:03:48 info: Mongo DB Conectado
2024-08-09 10:03:48 info: Escuchando el servidor en el puerto 8081
2024-08-09 10:03:58 info: Mongo DB Conectado
2024-08-09 10:03:58 info: Escuchando el servidor en el puerto 8081
2024-08-09 10:04:35 info: Mongo DB Conectado
2024-08-09 10:04:35 info: Escuchando el servidor en el puerto 8081
2024-08-09 10:04:40 info: This is the info level.
2024-08-09 10:05:20 info: Mongo DB Conectado
2024-08-09 10:05:20 info: Escuchando el servidor en el puerto 8081
2024-08-09 10:05:43 info: Mongo DB Conectado
2024-08-09 10:05:43 info: Escuchando el servidor en el puerto 8081
2024-08-09 10:05:55 info: Mongo DB Conectado
2024-08-09 10:05:55 info: Escuchando el servidor en el puerto 8081
2024-08-09 10:06:08 info: Este es el nivel info.
2024-08-09 10:06:08 warn: Este es el nivel warning.
2024-08-09 10:06:08 error: Este es el nivel error.
2024-08-09 10:06:30 info: Mongo DB Conectado
2024-08-09 10:06:30 info: Escuchando el servidor en el puerto 8081
2024-08-09 10:06:33 info: Este es el nivel info.
2024-08-09 10:06:33 warn: Este es el nivel warning.
2024-08-09 10:06:33 error: Este es el nivel error.
2024-08-09 10:06:35 info: Este es el nivel info.
2024-08-09 10:06:35 warn: Este es el nivel warning.
2024-08-09 10:06:35 error: Este es el nivel error.
2024-08-09 10:06:38 info: Este es el nivel info.
2024-08-09 10:06:38 warn: Este es el nivel warning.
2024-08-09 10:06:38 error: Este es el nivel error.
2024-08-09 10:06:46 info: Mongo DB Conectado
2024-08-09 10:06:46 info: Escuchando el servidor en el puerto 8081
2024-08-09 10:06:48 info: Este es el nivel info.
2024-08-09 10:06:48 warn: Este es el nivel warning.
2024-08-09 10:06:48 error: Este es el nivel error.
2024-08-17 09:02:15 info: Mongo DB Conectado
2024-08-17 09:02:16 info: Escuchando el servidor en el puerto 8081
2024-08-17 09:10:38 info: Mongo DB Conectado
2024-08-17 09:10:38 info: Escuchando el servidor en el puerto 8081
2024-08-17 09:12:13 info: Mongo DB Conectado
2024-08-17 09:12:13 info: Escuchando el servidor en el puerto 8081
2024-08-17 09:12:44 info: Mongo DB Conectado
2024-08-17 09:12:44 info: Escuchando el servidor en el puerto 8081
2024-08-17 09:16:59 info: Mongo DB Conectado
2024-08-17 09:16:59 info: Escuchando el servidor en el puerto 8081
2024-08-17 09:17:12 info: Mongo DB Conectado
2024-08-17 09:17:12 info: Escuchando el servidor en el puerto 8081
2024-08-17 09:18:37 info: Mongo DB Conectado
2024-08-17 09:18:37 info: Escuchando el servidor en el puerto 8081
2024-08-17 09:19:28 info: Mongo DB Conectado
2024-08-17 09:19:28 info: Escuchando el servidor en el puerto 8081
2024-08-17 09:19:54 info: Mongo DB Conectado
2024-08-17 09:19:54 info: Escuchando el servidor en el puerto 8081
2024-08-17 09:20:32 info: Mongo DB Conectado
2024-08-17 09:20:32 info: Escuchando el servidor en el puerto 8081
2024-08-17 09:22:28 info: Mongo DB Conectado
2024-08-17 09:22:28 info: Escuchando el servidor en el puerto 8081
2024-08-17 09:48:13 info: Mongo DB Conectado
2024-08-17 09:48:13 info: Escuchando el servidor en el puerto 8081
2024-08-17 09:50:25 info: Mongo DB Conectado
2024-08-17 09:50:25 info: Escuchando el servidor en el puerto 8081
2024-08-17 10:02:58 info: Mongo DB Conectado
2024-08-17 10:02:58 info: Escuchando el servidor en el puerto 8081
2024-08-17 10:16:01 info: Mongo DB Conectado
2024-08-17 10:16:01 info: Escuchando el servidor en el puerto 8081
2024-08-17 10:16:12 error: [POST] /api/user/email/reset-password - self-signed certificate in certificate chain
2024-08-17 10:29:30 info: Mongo DB Conectado
2024-08-17 10:29:30 info: Escuchando el servidor en el puerto 8081
2024-08-17 10:29:59 error: [POST] /api/user/email/reset-password - self-signed certificate in certificate chain
2024-08-17 10:31:55 error: [POST] /api/user/email/reset-password - self-signed certificate in certificate chain
2024-08-17 10:31:58 error: [POST] /api/user/email/reset-password - self-signed certificate in certificate chain
2024-08-17 10:41:21 info: Mongo DB Conectado
2024-08-17 10:41:21 info: Escuchando el servidor en el puerto 8081
2024-08-17 10:43:44 info: Mongo DB Conectado
2024-08-17 10:43:45 info: Escuchando el servidor en el puerto 8081
2024-08-17 10:43:59 error: [POST] /api/user/email/reset-password - Missing credentials for "PLAIN"
2024-08-17 10:44:02 error: [POST] /api/user/email/reset-password - Missing credentials for "PLAIN"
2024-08-17 10:44:54 info: Mongo DB Conectado
2024-08-17 10:44:54 info: Escuchando el servidor en el puerto 8081
2024-08-17 10:45:00 error: [POST] /api/user/email/reset-password - Missing credentials for "PLAIN"
2024-08-17 10:45:16 info: Mongo DB Conectado
2024-08-17 10:45:16 info: Escuchando el servidor en el puerto 8081
2024-08-17 10:45:18 error: [POST] /api/user/email/reset-password - self-signed certificate in certificate chain
2024-08-17 10:45:40 info: Mongo DB Conectado
2024-08-17 10:45:40 info: Escuchando el servidor en el puerto 8081
2024-08-17 10:45:41 error: [POST] /api/user/email/reset-password - self-signed certificate in certificate chain
2024-08-17 10:46:28 info: Mongo DB Conectado
2024-08-17 10:46:28 info: Escuchando el servidor en el puerto 8081
2024-08-17 10:46:33 error: [POST] /api/user/email/reset-password - self-signed certificate in certificate chain
2024-08-17 10:46:45 info: Mongo DB Conectado
2024-08-17 10:46:45 info: Escuchando el servidor en el puerto 8081
2024-08-17 10:54:17 info: Mongo DB Conectado
2024-08-17 10:54:17 info: Escuchando el servidor en el puerto 8081
2024-08-17 10:54:26 error: [POST] /api/user/email/reset-password - self-signed certificate in certificate chain
2024-08-17 11:28:37 info: Mongo DB Conectado
2024-08-17 11:28:41 info: Mongo DB Conectado
2024-08-17 11:28:41 info: Escuchando el servidor en el puerto 8081
2024-08-17 11:31:00 error: [POST] /api/user/email/reset-password - self-signed certificate in certificate chain
2024-08-17 11:31:43 info: Mongo DB Conectado
2024-08-17 11:31:43 info: Escuchando el servidor en el puerto 8081
2024-08-17 11:31:51 info: Mongo DB Conectado
2024-08-17 11:31:51 info: Escuchando el servidor en el puerto 8081
2024-08-17 11:31:53 error: [POST] /api/user/email/reset-password - Invalid login: 535-5.7.8 Username and Password not accepted. For more information, go to
535 5.7.8  https://support.google.com/mail/?p=BadCredentials 98e67ed59e1d1-2d3e3c752aesm4063069a91.42 - gsmtp
2024-08-17 11:31:57 error: [POST] /api/user/email/reset-password - Invalid login: 535-5.7.8 Username and Password not accepted. For more information, go to
535 5.7.8  https://support.google.com/mail/?p=BadCredentials 98e67ed59e1d1-2d3e2e6b228sm4110330a91.14 - gsmtp
2024-08-17 11:32:14 info: Mongo DB Conectado
2024-08-17 11:32:14 info: Escuchando el servidor en el puerto 8081
2024-08-17 11:32:22 error: [POST] /api/user/email/reset-password - Invalid login: 535-5.7.8 Username and Password not accepted. For more information, go to
535 5.7.8  https://support.google.com/mail/?p=BadCredentials d2e1a72fcca58-7127af3df55sm4162813b3a.206 - gsmtp
2024-08-17 11:34:38 error: [POST] /api/user/email/reset-password - Invalid login: 535-5.7.8 Username and Password not accepted. For more information, go to
535 5.7.8  https://support.google.com/mail/?p=BadCredentials 41be03b00d2f7-7c6b61a6e93sm4848977a12.3 - gsmtp
2024-08-17 11:35:14 info: Mongo DB Conectado
2024-08-17 11:35:14 info: Escuchando el servidor en el puerto 8081
2024-08-17 11:35:17 error: [POST] /api/user/email/reset-password - Invalid login: 535-5.7.8 Username and Password not accepted. For more information, go to
535 5.7.8  https://support.google.com/mail/?p=BadCredentials d2e1a72fcca58-7127ae0df3fsm4194252b3a.72 - gsmtp
2024-08-17 11:35:32 info: Mongo DB Conectado
2024-08-17 11:35:32 info: Escuchando el servidor en el puerto 8081
2024-08-17 11:35:37 error: [POST] /api/user/email/reset-password - self-signed certificate in certificate chain
2024-08-17 11:36:03 info: Mongo DB Conectado
2024-08-17 11:36:03 info: Escuchando el servidor en el puerto 8081
2024-08-17 11:36:08 error: [POST] /api/user/email/reset-password - Invalid login: 535-5.7.8 Username and Password not accepted. For more information, go to
535 5.7.8  https://support.google.com/mail/?p=BadCredentials d9443c01a7336-201f02fa4a7sm40595115ad.38 - gsmtp
2024-08-17 11:36:54 info: Mongo DB Conectado
2024-08-17 11:36:54 info: Escuchando el servidor en el puerto 8081
2024-08-17 11:38:53 info: Mongo DB Conectado
2024-08-17 11:38:53 info: Escuchando el servidor en el puerto 8081
2024-08-17 11:39:31 error: [POST] /api/user/email/reset-password - Invalid login: 535-5.7.8 Username and Password not accepted. For more information, go to
535 5.7.8  https://support.google.com/mail/?p=BadCredentials d9443c01a7336-201f02fb432sm40816345ad.54 - gsmtp
2024-08-17 11:39:51 info: Mongo DB Conectado
2024-08-17 11:39:51 info: Escuchando el servidor en el puerto 8081
2024-08-17 11:40:02 info: Mongo DB Conectado
2024-08-17 11:40:02 info: Escuchando el servidor en el puerto 8081
2024-08-17 11:40:06 info: Mongo DB Conectado
2024-08-17 11:40:06 info: Escuchando el servidor en el puerto 8081
2024-08-17 11:40:17 info: Mongo DB Conectado
2024-08-17 11:40:18 info: Escuchando el servidor en el puerto 8081
2024-08-17 11:42:25 error: [POST] /api/user/reset-password - customErrors is not defined
2024-08-17 11:45:37 info: Mongo DB Conectado
2024-08-17 11:45:38 info: Escuchando el servidor en el puerto 8081
2024-08-17 11:46:31 info: Mongo DB Conectado
2024-08-17 11:46:31 info: Escuchando el servidor en el puerto 8081
2024-08-17 11:47:53 info: Mongo DB Conectado
2024-08-17 11:47:53 info: Escuchando el servidor en el puerto 8081
2024-08-17 11:54:30 info: Mongo DB Conectado
2024-08-17 11:54:30 info: Escuchando el servidor en el puerto 8081
2024-08-17 11:58:45 info: Mongo DB Conectado
2024-08-17 11:58:45 info: Escuchando el servidor en el puerto 8081
2024-08-17 11:58:53 info: Mongo DB Conectado
2024-08-17 11:58:53 info: Escuchando el servidor en el puerto 8081
2024-08-17 12:00:02 info: Mongo DB Conectado
2024-08-17 12:00:02 info: Escuchando el servidor en el puerto 8081
2024-08-17 12:01:27 info: Mongo DB Conectado
2024-08-17 12:01:27 info: Escuchando el servidor en el puerto 8081
2024-08-17 12:05:18 info: Mongo DB Conectado
2024-08-17 12:05:18 info: Escuchando el servidor en el puerto 8081
2024-08-17 12:06:43 info: Mongo DB Conectado
2024-08-17 12:06:43 info: Escuchando el servidor en el puerto 8081
2024-08-17 12:08:18 info: Mongo DB Conectado
2024-08-17 12:08:18 info: Escuchando el servidor en el puerto 8081
2024-08-17 12:08:38 info: Mongo DB Conectado
2024-08-17 12:08:39 info: Escuchando el servidor en el puerto 8081
2024-08-17 12:13:53 info: Mongo DB Conectado
2024-08-17 12:13:53 info: Escuchando el servidor en el puerto 8081
2024-08-17 12:15:05 info: Mongo DB Conectado
2024-08-17 12:15:05 info: Escuchando el servidor en el puerto 8081
2024-08-17 12:16:11 error:  - Cannot read properties of null (reading 'owner')
2024-08-17 12:20:50 info: Mongo DB Conectado
2024-08-17 12:20:50 info: Escuchando el servidor en el puerto 8081
2024-08-17 12:21:13 info: Mongo DB Conectado
2024-08-17 12:21:13 info: Escuchando el servidor en el puerto 8081
2024-08-17 12:22:20 info: Mongo DB Conectado
2024-08-17 12:22:20 info: Escuchando el servidor en el puerto 8081
2024-08-17 12:22:36 info: Mongo DB Conectado
2024-08-17 12:22:36 info: Escuchando el servidor en el puerto 8081
2024-08-17 12:23:28 info: Mongo DB Conectado
2024-08-17 12:23:28 info: Escuchando el servidor en el puerto 8081
2024-08-17 12:26:12 info: Mongo DB Conectado
2024-08-17 12:26:12 info: Escuchando el servidor en el puerto 8081
2024-08-17 12:26:51 info: Mongo DB Conectado
2024-08-17 12:26:52 info: Escuchando el servidor en el puerto 8081
2024-08-17 12:29:47 info: Mongo DB Conectado
2024-08-17 12:29:47 info: Escuchando el servidor en el puerto 8081
2024-08-17 12:30:07 info: Mongo DB Conectado
2024-08-17 12:30:07 info: Escuchando el servidor en el puerto 8081
2024-08-17 12:31:15 info: Mongo DB Conectado
2024-08-17 12:31:15 info: Escuchando el servidor en el puerto 8081
2024-08-17 12:31:20 info: Mongo DB Conectado
2024-08-17 12:31:20 info: Escuchando el servidor en el puerto 8081
2024-08-17 12:32:43 info: Mongo DB Conectado
2024-08-17 12:32:43 info: Escuchando el servidor en el puerto 8081
2024-08-17 12:33:56 info: Mongo DB Conectado
2024-08-17 12:33:56 info: Escuchando el servidor en el puerto 8081
2024-08-17 12:34:09 info: Mongo DB Conectado
2024-08-17 12:34:09 info: Escuchando el servidor en el puerto 8081
2024-08-17 12:35:07 info: Mongo DB Conectado
2024-08-17 12:35:07 info: Escuchando el servidor en el puerto 8081
2024-08-17 12:35:11 info: Mongo DB Conectado
2024-08-17 12:35:11 info: Escuchando el servidor en el puerto 8081
2024-08-17 12:35:17 info: Mongo DB Conectado
2024-08-17 12:35:17 info: Escuchando el servidor en el puerto 8081
